\BOOKMARK [0][-]{part.1}{\376\377\000I\000\040\000M\000\366\000g\000l\000i\000c\000h\000e\000\040\000K\000l\000a\000s\000u\000r\000t\000h\000e\000m\000e\000n}{}% 1
\BOOKMARK [1][-]{section.1}{\376\377\000V\000o\000r\000l\000e\000s\000u\000n\000g}{part.1}% 2
\BOOKMARK [1][-]{section.2}{\376\377\000\334\000b\000u\000n\000g}{part.1}% 3
\BOOKMARK [0][-]{part.2}{\376\377\000I\000I\000\040\000F\000a\000h\000r\000z\000e\000u\000g\000s\000y\000s\000t\000e\000m\000t\000e\000c\000h\000n\000i\000k\000\040\000a\000l\000l\000e\000g\000e\000m\000a\000i\000n}{}% 4
\BOOKMARK [1][-]{section.3}{\376\377\000F\000a\000h\000r\000z\000e\000u\000g\000s\000y\000s\000t\000e\000m\000t\000e\000c\000h\000n\000i\000k}{part.2}% 5
\BOOKMARK [2][-]{subsection.3.1}{}{section.3}% 6
\BOOKMARK [1][-]{section.4}{\376\377\000S\000y\000s\000t\000e\000m\000t\000h\000e\000o\000r\000i\000e}{part.2}% 7
\BOOKMARK [2][-]{subsection.4.1}{}{section.4}% 8
\BOOKMARK [2][-]{subsection.4.2}{}{section.4}% 9
\BOOKMARK [2][-]{subsection.4.3}{\376\377\000V\000e\000k\000t\000o\000r\000i\000e\000l\000l\000e\000\040\000D\000a\000r\000s\000t\000e\000l\000l\000u\000n\000g\000\040\000d\000e\000r\000\040\000Z\000u\000s\000t\000a\000n\000d\000s\000g\000l\000e\000i\000c\000h\000u\000n\000g}{section.4}% 10
\BOOKMARK [3][-]{subsubsection.4.3.1}{}{subsection.4.3}% 11
\BOOKMARK [3][-]{subsubsection.4.3.2}{}{subsection.4.3}% 12
\BOOKMARK [2][-]{subsection.4.4}{}{section.4}% 13
\BOOKMARK [2][-]{subsection.4.5}{}{section.4}% 14
\BOOKMARK [2][-]{subsection.4.6}{}{section.4}% 15
\BOOKMARK [0][-]{part.3}{\376\377\000I\000I\000I\000\040\000W\000i\000s\000s\000e\000n\000s\000r\000e\000p\000r\000\344\000s\000e\000n\000t\000a\000t\000i\000o\000n\000\040\000u\000n\000d\000\040\000l\000i\000n\000e\000a\000r\000e\000\040\000k\000o\000n\000t\000i\000n\000u\000i\000e\000r\000l\000i\000c\000h\000e\000\040\000S\000y\000s\000t\000e\000m\000e}{}% 16
\BOOKMARK [1][-]{section.5}{\376\377\000W\000i\000s\000s\000e\000n}{part.3}% 17
\BOOKMARK [2][-]{subsection.5.1}{\376\377\000M\000o\000d\000e\000l\000l\000b\000i\000l\000d\000u\000n\000g}{section.5}% 18
\BOOKMARK [3][-]{subsubsection.5.1.1}{}{subsection.5.1}% 19
\BOOKMARK [2][-]{subsection.5.2}{\376\377\000Q\000u\000e\000r\000f\000\374\000h\000r\000u\000n\000g\000s\000m\000o\000d\000e\000l\000l}{section.5}% 20
\BOOKMARK [3][-]{subsubsection.5.2.1}{}{subsection.5.2}% 21
\BOOKMARK [3][-]{subsubsection.5.2.2}{}{subsection.5.2}% 22
\BOOKMARK [3][-]{subsubsection.5.2.3}{}{subsection.5.2}% 23
\BOOKMARK [2][-]{subsection.5.3}{\376\377\000B\000e\000o\000b\000a\000c\000h\000t\000e\000r}{section.5}% 24
\BOOKMARK [3][-]{subsubsection.5.3.1}{}{subsection.5.3}% 25
\BOOKMARK [2][-]{subsection.5.4}{\376\377\000E\000r\000e\000i\000g\000n\000i\000s\000d\000i\000s\000k\000r\000e\000t\000e\000\040\000S\000y\000s\000t\000e\000m\000e}{section.5}% 26
\BOOKMARK [3][-]{subsubsection.5.4.1}{}{subsection.5.4}% 27
\BOOKMARK [3][-]{subsubsection.5.4.2}{}{subsection.5.4}% 28
\BOOKMARK [1][-]{section.6}{\376\377\000L\000i\000n\000e\000a\000r\000e\000\040\000k\000o\000n\000t\000i\000n\000u\000i\000e\000r\000l\000i\000c\000h\000e\000\040\000S\000y\000s\000t\000e\000m\000e}{part.3}% 29
\BOOKMARK [2][-]{subsection.6.1}{}{section.6}% 30
\BOOKMARK [2][-]{subsection.6.2}{}{section.6}% 31
\BOOKMARK [2][-]{subsection.6.3}{}{section.6}% 32
\BOOKMARK [2][-]{subsection.6.4}{}{section.6}% 33
\BOOKMARK [2][-]{subsection.6.5}{}{section.6}% 34
\BOOKMARK [3][-]{subsubsection.6.5.1}{}{subsection.6.5}% 35
\BOOKMARK [3][-]{subsubsection.6.5.2}{}{subsection.6.5}% 36
\BOOKMARK [1][-]{section.7}{\376\377\000B\000e\000o\000b\000a\000c\000h\000t\000e\000r}{part.3}% 37
\BOOKMARK [2][-]{subsection.7.1}{}{section.7}% 38
\BOOKMARK [2][-]{subsection.7.2}{}{section.7}% 39
\BOOKMARK [3][-]{subsubsection.7.2.1}{}{subsection.7.2}% 40
\BOOKMARK [3][-]{subsubsection.7.2.2}{}{subsection.7.2}% 41
\BOOKMARK [0][-]{part.4}{\376\377\000I\000V\000\040\000U\000M\000L}{}% 42
\BOOKMARK [1][-]{section.8}{\376\377\000U\000M\000L\000:\000\040\000L\000i\000c\000h\000t\000s\000t\000e\000u\000e\000r\000u\000n\000g\000\040\000i\000n\000\040\000e\000i\000n\000e\000m\000\040\000O\000b\000e\000r\000k\000l\000a\000s\000s\000e\000\040\000F\000a\000h\000r\000z\000e\000u\000g}{part.4}% 43
\BOOKMARK [1][-]{section.9}{\376\377\000U\000M\000L\000:\000\040\000F\000r\000o\000n\000t\000s\000c\000h\000e\000i\000b\000e\000n\000w\000i\000s\000c\000h\000e\000r}{part.4}% 44
\BOOKMARK [0][-]{part.5}{\376\377\000V\000\040\000A\000r\000c\000h\000i\000t\000e\000k\000t\000u\000r\000e\000n}{}% 45
\BOOKMARK [1][-]{section.10}{\376\377\000S\000t\000r\000u\000k\000t\000u\000r\000i\000e\000r\000u\000n\000g\000\040\000k\000o\000m\000p\000l\000e\000x\000e\000r\000\040\000S\000y\000s\000t\000e\000m\000e}{part.5}% 46
\BOOKMARK [1][-]{section.11}{\376\377\000F\000u\000n\000k\000t\000i\000o\000n\000a\000l\000e\000\040\000S\000y\000s\000t\000e\000m\000a\000r\000c\000h\000i\000t\000e\000k\000t\000u\000r}{part.5}% 47
\BOOKMARK [1][-]{section.12}{\376\377\000H\000i\000e\000r\000a\000r\000c\000h\000i\000s\000c\000h\000e\000\040\000M\000e\000h\000r\000e\000b\000e\000n\000e\000n\000s\000y\000s\000t\000e\000m\000e}{part.5}% 48
\BOOKMARK [1][-]{section.13}{\376\377\000V\000e\000r\000h\000a\000l\000t\000e\000n\000s\000b\000a\000s\000i\000e\000r\000t\000e\000\040\000A\000r\000c\000h\000i\000t\000e\000k\000t\000u\000r\000e\000n}{part.5}% 49
\BOOKMARK [1][-]{section.14}{\376\377\000D\000r\000e\000i\000-\000E\000b\000e\000n\000e\000n\000-\000M\000o\000d\000e\000l\000l\000\040\000n\000a\000c\000h\000\040\000R\000a\000s\000m\000u\000s\000s\000e\000n}{part.5}% 50
\BOOKMARK [0][-]{part.6}{\376\377\000V\000I\000\040\000S\000y\000s\000t\000e\000m\000a\000t\000i\000s\000c\000h\000e\000r\000\040\000E\000n\000t\000w\000u\000r\000f\000\040\000v\000o\000n\000\040\000F\000a\000h\000r\000e\000r\000a\000s\000s\000i\000s\000t\000e\000n\000z\000s\000y\000s\000t\000e\000m\000e\000n}{}% 51
\BOOKMARK [1][-]{section.15}{}{part.6}% 52
\BOOKMARK [1][-]{section.16}{}{part.6}% 53
\BOOKMARK [0][-]{part.7}{\376\377\000V\000I\000I\000\040\000E\000n\000t\000w\000u\000r\000f\000s\000p\000r\000o\000z\000e\000s\000s\000e\000\040\000u\000n\000d\000\040\000A\000n\000f\000o\000r\000d\000e\000r\000u\000n\000g\000s\000a\000n\000a\000l\000y\000s\000e}{}% 54
\BOOKMARK [1][-]{section.17}{\376\377\000E\000n\000t\000w\000i\000c\000k\000l\000u\000n\000g\000s\000p\000r\000o\000z\000e\000s\000s}{part.7}% 55
\BOOKMARK [2][-]{subsection.17.1}{}{section.17}% 56
\BOOKMARK [2][-]{subsection.17.2}{}{section.17}% 57
\BOOKMARK [2][-]{subsection.17.3}{}{section.17}% 58
\BOOKMARK [2][-]{subsection.17.4}{\376\377\000E\000v\000o\000l\000u\000t\000i\000o\000n\000\344\000r\000e\000\040\000M\000o\000d\000e\000l\000l\000e}{section.17}% 59
\BOOKMARK [3][-]{subsubsection.17.4.1}{}{subsection.17.4}% 60
\BOOKMARK [3][-]{subsubsection.17.4.2}{}{subsection.17.4}% 61
\BOOKMARK [2][-]{subsection.17.5}{\376\377\000V\000-\000M\000o\000d\000e\000l\000l\000s\000\040\000v\000o\000n\000\040\040\031\0009\0007}{section.17}% 62
\BOOKMARK [3][-]{subsubsection.17.5.1}{}{subsection.17.5}% 63
\BOOKMARK [3][-]{subsubsection.17.5.2}{}{subsection.17.5}% 64
\BOOKMARK [1][-]{section.18}{\376\377\000A\000g\000i\000l\000e\000\040\000E\000n\000t\000w\000i\000c\000k\000l\000u\000n\000g}{part.7}% 65
\BOOKMARK [2][-]{subsection.18.1}{}{section.18}% 66
\BOOKMARK [2][-]{subsection.18.2}{}{section.18}% 67
\BOOKMARK [2][-]{subsection.18.3}{}{section.18}% 68
\BOOKMARK [2][-]{subsection.18.4}{}{section.18}% 69
\BOOKMARK [3][-]{subsubsection.18.4.1}{\376\377\000P\000r\000i\000m\000\344\000r\000e\000s\000\040\000Z\000i\000e\000l}{subsection.18.4}% 70
\BOOKMARK [3][-]{subsubsection.18.4.2}{\376\377\000W\000a\000s\000\040\000z\000e\000i\000c\000h\000n\000e\000t\000\040\000w\000e\000i\000t\000e\000r\000h\000i\000n\000\040\000a\000u\000s}{subsection.18.4}% 71
\BOOKMARK [2][-]{subsection.18.5}{}{section.18}% 72
\BOOKMARK [1][-]{section.19}{\376\377\000V\000S\000D\000\050\000V\000a\000l\000u\000e\000-\000S\000e\000n\000s\000i\000t\000i\000v\000e\000-\000D\000e\000s\000i\000g\000n\000\051}{part.7}% 73
\BOOKMARK [2][-]{subsection.19.1}{}{section.19}% 74
\BOOKMARK [2][-]{subsection.19.2}{}{section.19}% 75
\BOOKMARK [1][-]{section.20}{\376\377\000A\000n\000f\000o\000r\000d\000e\000r\000u\000n\000g\000e\000n}{part.7}% 76
\BOOKMARK [2][-]{subsection.20.1}{}{section.20}% 77
\BOOKMARK [2][-]{subsection.20.2}{}{section.20}% 78
\BOOKMARK [2][-]{subsection.20.3}{}{section.20}% 79
\BOOKMARK [0][-]{part.8}{\376\377\000V\000I\000I\000I\000\040\000T\000e\000s\000t\000e\000n}{}% 80
\BOOKMARK [1][-]{section.21}{\376\377\000F\000a\000c\000h\000t\000e\000r\000m\000i\000n\000i}{part.8}% 81
\BOOKMARK [1][-]{section.22}{}{part.8}% 82
\BOOKMARK [1][-]{section.23}{\376\377\000Z\000i\000e\000l}{part.8}% 83
\BOOKMARK [1][-]{section.24}{\376\377\000T\000e\000s\000t\000t\000e\000a\000m}{part.8}% 84
\BOOKMARK [1][-]{section.25}{\376\377\000T\000e\000s\000t\000a\000r\000t\000e\000n}{part.8}% 85
\BOOKMARK [1][-]{section.26}{\376\377\000V\000e\000r\000i\000f\000i\000k\000a\000t\000i\000o\000n\000\040\000u\000n\000d\000\040\000V\000a\000l\000i\000d\000i\000e\000r\000u\000n\000g}{part.8}% 86
\BOOKMARK [1][-]{section.27}{\376\377\000W\000h\000i\000t\000e\000-\000\040\000u\000n\000d\000\040\000B\000l\000a\000c\000k\000-\000B\000o\000x\000-\000T\000e\000s\000t\000v\000e\000r\000f\000a\000h\000r\000e\000n}{part.8}% 87
\BOOKMARK [0][-]{part.9}{\376\377\000I\000X\000\040\000F\000u\000n\000k\000t\000i\000o\000n\000a\000l\000e\000\040\000S\000i\000c\000h\000e\000r\000h\000e\000i\000t}{}% 88
\BOOKMARK [1][-]{section.28}{\376\377\000I\000S\000O\0002\0006\0002\0006\0002}{part.9}% 89
\BOOKMARK [2][-]{subsection.28.1}{}{section.28}% 90
\BOOKMARK [2][-]{subsection.28.2}{}{section.28}% 91
\BOOKMARK [2][-]{subsection.28.3}{}{section.28}% 92
\BOOKMARK [2][-]{subsection.28.4}{}{section.28}% 93
\BOOKMARK [2][-]{subsection.28.5}{}{section.28}% 94
\BOOKMARK [1][-]{section.29}{\376\377\000S\000i\000c\000h\000e\000r\000h\000e\000i\000t\000\040\000a\000l\000s\000\040\000e\000r\000m\000e\000r\000g\000e\000n\000t\000e\000\040\000E\000i\000g\000e\000n\000s\000c\000h\000a\000f\000t}{part.9}% 95
\BOOKMARK [2][-]{subsection.29.1}{}{section.29}% 96
